This is pdfTeX, Version 3.14159265-2.6-1.40.17 (TeX Live 2016) (preloaded format=pdflatex 2016.5.22)  11 JUN 2017 09:35
entering extended mode
 restricted \write18 enabled.
 %&-line parsing enabled.
**YKR_NatureComm.tex
(./YKR_NatureComm.tex
LaTeX2e <2016/03/31>
Babel <3.9r> and hyphenation patterns for 83 language(s) loaded.
(/usr/local/texlive/2016/texmf-dist/tex/latex/revtex4/revtex4.cls
Document Class: revtex4 2001/08/02 v4.0 (http://publish.aps.org/revtex4/ for do
cumentation)
 Copyright (c) 2001 The American Physical Society.
 mailto:revtex@aps.org
 Licensed under the LPPL:
http://www.ctan.org/tex-archive/macros/latex/base/lppl.txt
 Arthur Ogawa <ogawa@teleport.com>
 Based on work by David Carlisle <david@dcarlisle.demon.co.uk>.
ltxutil: portions licensed from W. E. Baxter (web@superscript.com)
Class revtex4 Info: Repairing broken LateX \@sect on input line 596.
\intertabularlinepenalty=\count79
\@tbpen=\count80
\@arstrutbox@hline=\box26
Class revtex4 Info: Repairing broken LaTeX \@xbitor on input line 1610.
ltxgrid: portions licensed from W. E. Baxter (web@superscript.com)
\c@linecount=\count81
\output=\toks14
\@protection@box=\box27
\@topmark@saved=\toks15
\footins@saved=\box28
\pagesofar=\box29
\footbox=\box30
\pagegrid@col=\count82
Class revtex4 Info: Incorporating package {textcase}  [1998/11/12 v0.06 Text on
ly upper/lower case changing (DPC)]. on input line 3682.
(/usr/local/texlive/2016/texmf-dist/tex/latex/url/url.sty
\Urlmuskip=\muskip10
Package: url 2013/09/16  ver 3.4  Verb mode for urls, etc.
)
\c@affil=\count83
\absbox=\box31
\c@part=\count84
\c@section=\count85
\c@subsection=\count86
\c@subsubsection=\count87
\c@paragraph=\count88
\c@subparagraph=\count89
\abovecaptionskip=\skip41
\belowcaptionskip=\skip42
\c@figure=\count90
\c@table=\count91

(/usr/local/texlive/2016/texmf-dist/tex/latex/natbib/natbib.sty
Package: natbib 2010/09/13 8.31b (PWD, AO)
\bibhang=\skip43
\bibsep=\skip44
LaTeX Info: Redefining \cite on input line 694.
\c@NAT@ctr=\count92
)
\widetext@top=\box32
\widetext@bot=\box33

(/usr/local/texlive/2016/texmf-dist/tex/latex/revtex4/revsymb.sty
Package: revsymb 2001/08/02 v4.0 (http://publish.aps.org/revtex4/ for documenta
tion)
LaTeX Info: Redefining \REV@mathfrak on input line 118.
))
(/usr/local/texlive/2016/texmf-dist/tex/latex/amsfonts/amssymb.sty
Package: amssymb 2013/01/14 v3.01 AMS font symbols

(/usr/local/texlive/2016/texmf-dist/tex/latex/amsfonts/amsfonts.sty
Package: amsfonts 2013/01/14 v3.01 Basic AMSFonts support
\@emptytoks=\toks16
\symAMSa=\mathgroup4
\symAMSb=\mathgroup5
LaTeX Font Info:    Overwriting math alphabet `\mathfrak' in version `bold'
(Font)                  U/euf/m/n --> U/euf/b/n on input line 106.
LaTeX Info: Redefining \frak on input line 111.
LaTeX Info: Redefining \Bbb on input line 113.
))
(/usr/local/texlive/2016/texmf-dist/tex/latex/amsmath/amsmath.sty
Package: amsmath 2016/03/10 v2.15b AMS math features
\@mathmargin=\skip45

For additional information on amsmath, use the `?' option.
(/usr/local/texlive/2016/texmf-dist/tex/latex/amsmath/amstext.sty
Package: amstext 2000/06/29 v2.01 AMS text

(/usr/local/texlive/2016/texmf-dist/tex/latex/amsmath/amsgen.sty
File: amsgen.sty 1999/11/30 v2.0 generic functions
\@emptytoks=\toks17
\ex@=\dimen102
))
(/usr/local/texlive/2016/texmf-dist/tex/latex/amsmath/amsbsy.sty
Package: amsbsy 1999/11/29 v1.2d Bold Symbols
\pmbraise@=\dimen103
)
(/usr/local/texlive/2016/texmf-dist/tex/latex/amsmath/amsopn.sty
Package: amsopn 2016/03/08 v2.02 operator names
)
\inf@bad=\count93
LaTeX Info: Redefining \frac on input line 199.
\uproot@=\count94
\leftroot@=\count95
LaTeX Info: Redefining \overline on input line 297.
\classnum@=\count96
\DOTSCASE@=\count97
LaTeX Info: Redefining \ldots on input line 394.
LaTeX Info: Redefining \dots on input line 397.
LaTeX Info: Redefining \cdots on input line 518.
\Mathstrutbox@=\box34
\strutbox@=\box35
\big@size=\dimen104
LaTeX Font Info:    Redeclaring font encoding OML on input line 634.
LaTeX Font Info:    Redeclaring font encoding OMS on input line 635.
\macc@depth=\count98
\c@MaxMatrixCols=\count99
\dotsspace@=\muskip11
\c@parentequation=\count100
\dspbrk@lvl=\count101
\tag@help=\toks18
\row@=\count102
\column@=\count103
\maxfields@=\count104
\andhelp@=\toks19
\eqnshift@=\dimen105
\alignsep@=\dimen106
\tagshift@=\dimen107
\tagwidth@=\dimen108
\totwidth@=\dimen109
\lineht@=\dimen110
\@envbody=\toks20
\multlinegap=\skip46
\multlinetaggap=\skip47
\mathdisplay@stack=\toks21
LaTeX Info: Redefining \[ on input line 2739.
LaTeX Info: Redefining \] on input line 2740.
)

Class revtex4 Warning: No Society specified, using generic APS style.

(/usr/local/texlive/2016/texmf-dist/tex/latex/revtex4/aps.rtx
File: aps.rtx 2001/08/02 v4.0 (http://publish.aps.org/revtex4/ for documentatio
n)
)
(/usr/local/texlive/2016/texmf-dist/tex/latex/revtex4/10pt.rtx
File: 10pt.rtx 2001/08/02 v4.0 (http://publish.aps.org/revtex4/ for documentati
on)
)
(/usr/local/texlive/2016/texmf-dist/tex/generic/babel/babel.sty
Package: babel 2016/04/23 3.9r The Babel package

(/usr/local/texlive/2016/texmf-dist/tex/generic/babel-english/english.ldf
Language: english 2012/08/20 v3.3p English support from the babel system

(/usr/local/texlive/2016/texmf-dist/tex/generic/babel/babel.def
File: babel.def 2016/04/23 3.9r Babel common definitions
\babel@savecnt=\count105
\U@D=\dimen111
)
\l@canadian = a dialect from \language\l@american 
\l@australian = a dialect from \language\l@british 
\l@newzealand = a dialect from \language\l@british 
))
(/usr/local/texlive/2016/texmf-dist/tex/latex/base/inputenc.sty
Package: inputenc 2015/03/17 v1.2c Input encoding file
\inpenc@prehook=\toks22
\inpenc@posthook=\toks23

(/usr/local/texlive/2016/texmf-dist/tex/latex/base/latin1.def
File: latin1.def 2015/03/17 v1.2c Input encoding file
))
(/usr/local/texlive/2016/texmf-dist/tex/latex/base/fontenc.sty
Package: fontenc 2005/09/27 v1.99g Standard LaTeX package

(/usr/local/texlive/2016/texmf-dist/tex/latex/base/t1enc.def
File: t1enc.def 2005/09/27 v1.99g Standard LaTeX file
LaTeX Font Info:    Redeclaring font encoding T1 on input line 48.
))
(/usr/local/texlive/2016/texmf-dist/tex/latex/graphics/color.sty
Package: color 2016/05/09 v1.1c Standard LaTeX Color (DPC)

(/usr/local/texlive/2016/texmf-dist/tex/latex/graphics-cfg/color.cfg
File: color.cfg 2016/01/02 v1.6 sample color configuration
)
Package color Info: Driver file: pdftex.def on input line 144.

(/usr/local/texlive/2016/texmf-dist/tex/latex/pdftex-def/pdftex.def
File: pdftex.def 2011/05/27 v0.06d Graphics/color for pdfTeX

(/usr/local/texlive/2016/texmf-dist/tex/generic/oberdiek/infwarerr.sty
Package: infwarerr 2016/05/16 v1.4 Providing info/warning/error messages (HO)
)
(/usr/local/texlive/2016/texmf-dist/tex/generic/oberdiek/ltxcmds.sty
Package: ltxcmds 2016/05/16 v1.23 LaTeX kernel commands for general use (HO)
)
\Gread@gobject=\count106
))
(/usr/local/texlive/2016/texmf-dist/tex/latex/float/float.sty
Package: float 2001/11/08 v1.3d Float enhancements (AL)
\c@float@type=\count107
\float@exts=\toks24
\float@box=\box36
\@float@everytoks=\toks25
\@floatcapt=\box37
)
(/usr/local/texlive/2016/texmf-dist/tex/latex/tools/verbatim.sty
Package: verbatim 2014/10/28 v1.5q LaTeX2e package for verbatim enhancements
\every@verbatim=\toks26
\verbatim@line=\toks27
\verbatim@in@stream=\read1
)
(/usr/local/texlive/2016/texmf-dist/tex/latex/graphics/graphicx.sty
Package: graphicx 2014/10/28 v1.0g Enhanced LaTeX Graphics (DPC,SPQR)

(/usr/local/texlive/2016/texmf-dist/tex/latex/graphics/keyval.sty
Package: keyval 2014/10/28 v1.15 key=value parser (DPC)
\KV@toks@=\toks28
)
(/usr/local/texlive/2016/texmf-dist/tex/latex/graphics/graphics.sty
Package: graphics 2016/05/09 v1.0r Standard LaTeX Graphics (DPC,SPQR)

(/usr/local/texlive/2016/texmf-dist/tex/latex/graphics/trig.sty
Package: trig 2016/01/03 v1.10 sin cos tan (DPC)
)
(/usr/local/texlive/2016/texmf-dist/tex/latex/graphics-cfg/graphics.cfg
File: graphics.cfg 2016/01/02 v1.10 sample graphics configuration
)
Package graphics Info: Driver file: pdftex.def on input line 96.
)
\Gin@req@height=\dimen112
\Gin@req@width=\dimen113
)
(/usr/local/texlive/2016/texmf-dist/tex/latex/tools/bm.sty
Package: bm 2016/02/27 v1.2a Bold Symbol Support (DPC/FMi)
\symboldoperators=\mathgroup6
\symboldletters=\mathgroup7
\symboldsymbols=\mathgroup8
LaTeX Font Info:    Redeclaring math alphabet \mathbf on input line 142.
LaTeX Info: Redefining \bm on input line 208.
)
(/usr/local/texlive/2016/texmf-dist/tex/latex/mathtools/mathtools.sty
Package: mathtools 2015/11/12 v1.18 mathematical typesetting tools

(/usr/local/texlive/2016/texmf-dist/tex/latex/tools/calc.sty
Package: calc 2014/10/28 v4.3 Infix arithmetic (KKT,FJ)
\calc@Acount=\count108
\calc@Bcount=\count109
\calc@Adimen=\dimen114
\calc@Bdimen=\dimen115
\calc@Askip=\skip48
\calc@Bskip=\skip49
LaTeX Info: Redefining \setlength on input line 80.
LaTeX Info: Redefining \addtolength on input line 81.
\calc@Ccount=\count110
\calc@Cskip=\skip50
)
(/usr/local/texlive/2016/texmf-dist/tex/latex/mathtools/mhsetup.sty
Package: mhsetup 2010/01/21 v1.2a programming setup (MH)
)
LaTeX Info: Thecontrolsequence`\('isalreadyrobust on input line 129.
LaTeX Info: Thecontrolsequence`\)'isalreadyrobust on input line 129.
LaTeX Info: Thecontrolsequence`\['isalreadyrobust on input line 129.
LaTeX Info: Thecontrolsequence`\]'isalreadyrobust on input line 129.
\g_MT_multlinerow_int=\count111
\l_MT_multwidth_dim=\dimen116
\origjot=\skip51
\l_MT_shortvdotswithinadjustabove_dim=\dimen117
\l_MT_shortvdotswithinadjustbelow_dim=\dimen118
\l_MT_above_intertext_sep=\dimen119
\l_MT_below_intertext_sep=\dimen120
\l_MT_above_shortintertext_sep=\dimen121
\l_MT_below_shortintertext_sep=\dimen122
)
(/usr/local/texlive/2016/texmf-dist/tex/latex/stmaryrd/stmaryrd.sty
Package: stmaryrd 1994/03/03 St Mary's Road symbol package
\symstmry=\mathgroup9
LaTeX Font Info:    Overwriting symbol font `stmry' in version `bold'
(Font)                  U/stmry/m/n --> U/stmry/b/n on input line 89.
)
(/usr/local/texlive/2016/texmf-dist/tex/latex/anyfontsize/anyfontsize.sty
Package: anyfontsize 2007/11/22 anyfontsize.sty by pts
)

! LaTeX Error: Option clash for package natbib.

See the LaTeX manual or LaTeX Companion for explanation.
Type  H <return>  for immediate help.
 ...                                              
                                                  
l.28 \bibpunct
              {}{}{,}{s}{}{;}
? 
(/usr/local/texlive/2016/texmf-dist/tex/latex/bibunits/bibunits.sty
Package: bibunits 2004/05/12 v2.4 Multiple bibliographies in one document.
\@bibunitaux=\write3
\@bibunitauxcnt=\count112
)
(./YKR_NatureComm.aux

LaTeX Warning: Label `LastBibItem' multiply defined.

)
\openout1 = `YKR_NatureComm.aux'.

LaTeX Font Info:    Checking defaults for OML/cmm/m/it on input line 39.
LaTeX Font Info:    ... okay on input line 39.
LaTeX Font Info:    Checking defaults for T1/cmr/m/n on input line 39.
LaTeX Font Info:    ... okay on input line 39.
LaTeX Font Info:    Checking defaults for OT1/cmr/m/n on input line 39.
LaTeX Font Info:    ... okay on input line 39.
LaTeX Font Info:    Checking defaults for OMS/cmsy/m/n on input line 39.
LaTeX Font Info:    ... okay on input line 39.
LaTeX Font Info:    Checking defaults for OMX/cmex/m/n on input line 39.
LaTeX Font Info:    ... okay on input line 39.
LaTeX Font Info:    Checking defaults for U/cmr/m/n on input line 39.
LaTeX Font Info:    ... okay on input line 39.
Class revtex4 Info: Patching LaTeX tabular. on input line 39.
Class revtex4 Info: cite was not loaded (OK!) on input line 39.
Class revtex4 Info: multicol was not loaded (OK!) on input line 39.
 (/usr/local/texlive/2016/texmf-dist/tex/context/base/mkii/supp-pdf.mkii
[Loading MPS to PDF converter (version 2006.09.02).]
\scratchcounter=\count113
\scratchdimen=\dimen123
\scratchbox=\box38
\nofMPsegments=\count114
\nofMParguments=\count115
\everyMPshowfont=\toks29
\MPscratchCnt=\count116
\MPscratchDim=\dimen124
\MPnumerator=\count117
\makeMPintoPDFobject=\count118
\everyMPtoPDFconversion=\toks30
) (/usr/local/texlive/2016/texmf-dist/tex/generic/oberdiek/pdftexcmds.sty
Package: pdftexcmds 2016/05/10 v0.21 Utility functions of pdfTeX for LuaTeX (HO
)

(/usr/local/texlive/2016/texmf-dist/tex/generic/oberdiek/ifluatex.sty
Package: ifluatex 2016/05/16 v1.4 Provides the ifluatex switch (HO)
Package ifluatex Info: LuaTeX not detected.
)
(/usr/local/texlive/2016/texmf-dist/tex/generic/oberdiek/ifpdf.sty
Package: ifpdf 2016/05/14 v3.1 Provides the ifpdf switch
)
Package pdftexcmds Info: LuaTeX not detected.
Package pdftexcmds Info: \pdf@primitive is available.
Package pdftexcmds Info: \pdf@ifprimitive is available.
Package pdftexcmds Info: \pdfdraftmode found.
)
(/usr/local/texlive/2016/texmf-dist/tex/latex/oberdiek/epstopdf-base.sty
Package: epstopdf-base 2016/05/15 v2.6 Base part for package epstopdf

(/usr/local/texlive/2016/texmf-dist/tex/latex/oberdiek/grfext.sty
Package: grfext 2016/05/16 v1.2 Manage graphics extensions (HO)

(/usr/local/texlive/2016/texmf-dist/tex/generic/oberdiek/kvdefinekeys.sty
Package: kvdefinekeys 2016/05/16 v1.4 Define keys (HO)
))
(/usr/local/texlive/2016/texmf-dist/tex/latex/oberdiek/kvoptions.sty
Package: kvoptions 2016/05/16 v3.12 Key value format for package options (HO)

(/usr/local/texlive/2016/texmf-dist/tex/generic/oberdiek/kvsetkeys.sty
Package: kvsetkeys 2016/05/16 v1.17 Key value parser (HO)

(/usr/local/texlive/2016/texmf-dist/tex/generic/oberdiek/etexcmds.sty
Package: etexcmds 2016/05/16 v1.6 Avoid name clashes with e-TeX commands (HO)
Package etexcmds Info: Could not find \expanded.
(etexcmds)             That can mean that you are not using pdfTeX 1.50 or
(etexcmds)             that some package has redefined \expanded.
(etexcmds)             In the latter case, load this package earlier.
)))
Package grfext Info: Graphics extension search list:
(grfext)             [.png,.pdf,.jpg,.mps,.jpeg,.jbig2,.jb2,.PNG,.PDF,.JPG,.JPE
G,.JBIG2,.JB2,.eps]
(grfext)             \AppendGraphicsExtensions on input line 456.

(/usr/local/texlive/2016/texmf-dist/tex/latex/latexconfig/epstopdf-sys.cfg
File: epstopdf-sys.cfg 2010/07/13 v1.3 Configuration of (r)epstopdf for TeX Liv
e
))
LaTeX Font Info:    Try loading font information for U+msa on input line 66.

(/usr/local/texlive/2016/texmf-dist/tex/latex/amsfonts/umsa.fd
File: umsa.fd 2013/01/14 v3.01 AMS symbols A
)
LaTeX Font Info:    Try loading font information for U+msb on input line 66.

(/usr/local/texlive/2016/texmf-dist/tex/latex/amsfonts/umsb.fd
File: umsb.fd 2013/01/14 v3.01 AMS symbols B
)
LaTeX Font Info:    Try loading font information for U+stmry on input line 66.

(/usr/local/texlive/2016/texmf-dist/tex/latex/stmaryrd/Ustmry.fd) (./bu1.aux)
\openout3 = `bu1.aux'.


Underfull \hbox (badness 10000) in paragraph at lines 94--99

 []

[1{/usr/local/texlive/2016/texmf-var/fonts/map/pdftex/updmap/pdftex.map}]
Package epstopdf Info: Source file: <fig_FixedPoint2.eps>
(epstopdf)                    date: 2017-03-18 12:19:28
(epstopdf)                    size: 312020 bytes
(epstopdf)             Output file: <fig_FixedPoint2-eps-converted-to.pdf>
(epstopdf)                    date: 2017-06-09 15:51:33
(epstopdf)                    size: 313999 bytes
(epstopdf)             Command: <repstopdf --outfile=fig_FixedPoint2-eps-conver
ted-to.pdf fig_FixedPoint2.eps>
(epstopdf)             \includegraphics on input line 107.
Package epstopdf Info: Output file is already uptodate.

<fig_FixedPoint2-eps-converted-to.pdf, id=15, 274.02374pt x 210.7875pt>
File: fig_FixedPoint2-eps-converted-to.pdf Graphic file (type pdf)

<use fig_FixedPoint2-eps-converted-to.pdf>
Package pdftex.def Info: fig_FixedPoint2-eps-converted-to.pdf used on input lin
e 107.
(pdftex.def)             Requested size: 203.99689pt x 156.9227pt.

Underfull \hbox (badness 1005) in paragraph at lines 156--161
\T1/cmr/m/n/10 replete (re-pro-duc-ing) in-di-vid-u-als, thereby pro-mot-ing
 []

[2 <./fig_FixedPoint2-eps-converted-to.pdf>]
Package epstopdf Info: Source file: <Growth-trajectory-diagram.eps>
(epstopdf)                    date: 2017-03-10 17:02:27
(epstopdf)                    size: 242951 bytes
(epstopdf)             Output file: <Growth-trajectory-diagram-eps-converted-to
.pdf>
(epstopdf)                    date: 2017-06-09 15:51:34
(epstopdf)                    size: 76270 bytes
(epstopdf)             Command: <repstopdf --outfile=Growth-trajectory-diagram-
eps-converted-to.pdf Growth-trajectory-diagram.eps>
(epstopdf)             \includegraphics on input line 170.
Package epstopdf Info: Output file is already uptodate.

<Growth-trajectory-diagram-eps-converted-to.pdf, id=30, 1027.84pt x 770.88pt>
File: Growth-trajectory-diagram-eps-converted-to.pdf Graphic file (type pdf)

<use Growth-trajectory-diagram-eps-converted-to.pdf>
Package pdftex.def Info: Growth-trajectory-diagram-eps-converted-to.pdf used on
 input line 170.
(pdftex.def)             Requested size: 203.99689pt x 152.997pt.

Underfull \hbox (badness 2671) in paragraph at lines 194--201
\T1/cmr/m/n/10 star-va-tion, re-cov-ery, and mor-tal-ity based on first
 []


Underfull \hbox (badness 2111) in paragraph at lines 194--201
\T1/cmr/m/n/10 lower trophic level en-dotherms (see Sup-ple-men-tary
 []


Underfull \hbox (badness 10000) in paragraph at lines 194--201

 []

Package epstopdf Info: Source file: <fig_ExtinctionAllometricComb3.eps>
(epstopdf)                    date: 2017-06-10 16:28:16
(epstopdf)                    size: 389525 bytes
(epstopdf)             Output file: <fig_ExtinctionAllometricComb3-eps-converte
d-to.pdf>
(epstopdf)                    date: 2017-06-10 16:28:24
(epstopdf)                    size: 388623 bytes
(epstopdf)             Command: <repstopdf --outfile=fig_ExtinctionAllometricCo
mb3-eps-converted-to.pdf fig_ExtinctionAllometricComb3.eps>
(epstopdf)             \includegraphics on input line 220.
Package epstopdf Info: Output file is already uptodate.

<fig_ExtinctionAllometricComb3-eps-converted-to.pdf, id=31, 672.5125pt x 215.80
624pt>
File: fig_ExtinctionAllometricComb3-eps-converted-to.pdf Graphic file (type pdf
)
 <use fig_ExtinctionAllometricComb3-eps-converted-to.pdf>
Package pdftex.def Info: fig_ExtinctionAllometricComb3-eps-converted-to.pdf use
d on input line 220.
(pdftex.def)             Requested size: 408.00156pt x 130.92705pt.
 [3 <./Growth-trajectory-diagram-eps-converted-to.pdf>]
Underfull \hbox (badness 10000) in paragraph at lines 245--253

 []

[4 <./fig_ExtinctionAllometricComb3-eps-converted-to.pdf>]
Package epstopdf Info: Source file: <fig_FPAllometric2.eps>
(epstopdf)                    date: 2017-06-10 16:27:59
(epstopdf)                    size: 1040732 bytes
(epstopdf)             Output file: <fig_FPAllometric2-eps-converted-to.pdf>
(epstopdf)                    date: 2017-06-10 16:28:24
(epstopdf)                    size: 216275 bytes
(epstopdf)             Command: <repstopdf --outfile=fig_FPAllometric2-eps-conv
erted-to.pdf fig_FPAllometric2.eps>
(epstopdf)             \includegraphics on input line 287.
Package epstopdf Info: Output file is already uptodate.

<fig_FPAllometric2-eps-converted-to.pdf, id=57, 410.53375pt x 147.55125pt>
File: fig_FPAllometric2-eps-converted-to.pdf Graphic file (type pdf)

<use fig_FPAllometric2-eps-converted-to.pdf>
Package pdftex.def Info: fig_FPAllometric2-eps-converted-to.pdf used on input l
ine 287.
(pdftex.def)             Requested size: 244.79782pt x 87.98207pt.

Underfull \hbox (badness 1642) in paragraph at lines 294--301
\T1/cmr/m/n/10 de-ter-mined by the population-level con-se-quences of
 []


Underfull \hbox (badness 1178) in paragraph at lines 294--301
\T1/cmr/m/n/10 asymp-totic limit on mam-malian size par-al-lels work
 []


Underfull \hbox (badness 10000) in paragraph at lines 294--301

 []

Package epstopdf Info: Source file: <fig_Invasion.eps>
(epstopdf)                    date: 2017-03-10 17:00:47
(epstopdf)                    size: 1315191 bytes
(epstopdf)             Output file: <fig_Invasion-eps-converted-to.pdf>
(epstopdf)                    date: 2017-06-09 15:51:36
(epstopdf)                    size: 140039 bytes
(epstopdf)             Command: <repstopdf --outfile=fig_Invasion-eps-converted
-to.pdf fig_Invasion.eps>
(epstopdf)             \includegraphics on input line 315.
Package epstopdf Info: Output file is already uptodate.
<fig_Invasion-eps-converted-to.pdf, id=58, 361.35pt x 231.86626pt>
File: fig_Invasion-eps-converted-to.pdf Graphic file (type pdf)

<use fig_Invasion-eps-converted-to.pdf>
Package pdftex.def Info: fig_Invasion-eps-converted-to.pdf used on input line 3
15.
(pdftex.def)             Requested size: 203.99689pt x 130.89853pt.
 [5 <./fig_FPAllometric2-eps-converted-to.pdf> <./fig_Invasion-eps-converted-to
.pdf>] [6] (./bu1.bbl
Underfull \hbox (badness 1043) in paragraph at lines 84--87
 \T1/cmr/m/n/9 Food reg-u-lates the Serengeti wilde-beest: a 40-year
 []

[7]
Underfull \hbox (badness 1178) in paragraph at lines 236--241
 \T1/cmr/m/n/9 Brown.  Al-lo-met-ric scal-ing of metabolic rate from
 []


Underfull \hbox (badness 1237) in paragraph at lines 254--257
 []\T1/cmr/m/n/9 A Clauset and S Red-ner.  Evo-lu-tion-ary model of
 []


Underfull \hbox (badness 1852) in paragraph at lines 290--294
 []\T1/cmr/m/n/9 Andrew P Allen, James H Brown, and James F
 []

[8]
Underfull \hbox (badness 1178) in paragraph at lines 342--347
 \T1/cmr/m/n/9 Brown.  Al-lo-met-ric scal-ing of metabolic rate from
 []


Underfull \hbox (badness 1348) in paragraph at lines 355--359
 \T1/cmr/m/n/9 Van M Sav-age, and James H Brown.  Ef-fects of
 []

) (./bu1.aux)
No file bu.aux.
[9]
Underfull \hbox (badness 10000) in paragraph at lines 529--530

 []

(./bu2.aux)
\openout3 = `bu2.aux'.


Overfull \hbox (66.01436pt too wide) in paragraph at lines 577--577
[] 
 []


Underfull \hbox (badness 10000) in paragraph at lines 585--588

 []

[10]
Underfull \hbox (badness 1014) in paragraph at lines 612--615
\T1/cmr/m/n/10 by the NPP di-vided by the cor-re-spond-ing biomass
 []


Underfull \hbox (badness 1264) in paragraph at lines 612--615
\T1/cmr/m/n/10 these steady states with the data from Damuth$[]$.
 []


Underfull \hbox (badness 10000) in paragraph at lines 612--615

 []


Overfull \hbox (7.9048pt too wide) in paragraph at lines 627--627
[]\T1/cmr/m/n/9 Parameter| 
 []


LaTeX Warning: `h' float specifier changed to `ht'.

[11] (./bu2.bbl
Underfull \hbox (badness 1616) in paragraph at lines 4--7
 []\T1/cmr/m/n/9 Christopher P Kem-pes, Stephanie Dutkiewicz, and
 []

) (./bu2.aux)
No file bu.aux.

Class revtex4 Warning: Endnote numbers changed: rerun LaTeX.

[12] (./YKR_NatureComm.aux)

LaTeX Warning: There were multiply-defined labels.

 ) 
Here is how much of TeX's memory you used:
 5890 strings out of 493014
 80632 string characters out of 6133351
 177284 words of memory out of 5000000
 9278 multiletter control sequences out of 15000+600000
 22277 words of font info for 65 fonts, out of 8000000 for 9000
 1141 hyphenation exceptions out of 8191
 38i,18n,43p,1294b,535s stack positions out of 5000i,500n,10000p,200000b,80000s
{/usr/local/texlive/2016/texmf-dist/fonts/enc/dvips/cm-super/cm-super-t1.enc}
</usr/local/texlive/2016/texmf-dist/fonts/type1/public/amsfonts/cm/cmbx10.pfb><
/usr/local/texlive/2016/texmf-dist/fonts/type1/public/amsfonts/cm/cmbx9.pfb></u
sr/local/texlive/2016/texmf-dist/fonts/type1/public/amsfonts/cm/cmex10.pfb></us
r/local/texlive/2016/texmf-dist/fonts/type1/public/amsfonts/cmextra/cmex9.pfb><
/usr/local/texlive/2016/texmf-dist/fonts/type1/public/amsfonts/cm/cmmi10.pfb></
usr/local/texlive/2016/texmf-dist/fonts/type1/public/amsfonts/cm/cmmi5.pfb></us
r/local/texlive/2016/texmf-dist/fonts/type1/public/amsfonts/cm/cmmi6.pfb></usr/
local/texlive/2016/texmf-dist/fonts/type1/public/amsfonts/cm/cmmi7.pfb></usr/lo
cal/texlive/2016/texmf-dist/fonts/type1/public/amsfonts/cm/cmmi9.pfb></usr/loca
l/texlive/2016/texmf-dist/fonts/type1/public/amsfonts/cm/cmr10.pfb></usr/local/
texlive/2016/texmf-dist/fonts/type1/public/amsfonts/cm/cmr5.pfb></usr/local/tex
live/2016/texmf-dist/fonts/type1/public/amsfonts/cm/cmr6.pfb></usr/local/texliv
e/2016/texmf-dist/fonts/type1/public/amsfonts/cm/cmr7.pfb></usr/local/texlive/2
016/texmf-dist/fonts/type1/public/amsfonts/cm/cmr9.pfb></usr/local/texlive/2016
/texmf-dist/fonts/type1/public/amsfonts/cm/cmsy10.pfb></usr/local/texlive/2016/
texmf-dist/fonts/type1/public/amsfonts/cm/cmsy5.pfb></usr/local/texlive/2016/te
xmf-dist/fonts/type1/public/amsfonts/cm/cmsy6.pfb></usr/local/texlive/2016/texm
f-dist/fonts/type1/public/amsfonts/cm/cmsy7.pfb></usr/local/texlive/2016/texmf-
dist/fonts/type1/public/amsfonts/cm/cmsy9.pfb></usr/local/texlive/2016/texmf-di
st/fonts/type1/public/cm-super/sfbx0900.pfb></usr/local/texlive/2016/texmf-dist
/fonts/type1/public/cm-super/sfbx1000.pfb></usr/local/texlive/2016/texmf-dist/f
onts/type1/public/cm-super/sfbx1200.pfb></usr/local/texlive/2016/texmf-dist/fon
ts/type1/public/cm-super/sfrm0600.pfb></usr/local/texlive/2016/texmf-dist/fonts
/type1/public/cm-super/sfrm0700.pfb></usr/local/texlive/2016/texmf-dist/fonts/t
ype1/public/cm-super/sfrm0900.pfb></usr/local/texlive/2016/texmf-dist/fonts/typ
e1/public/cm-super/sfrm1000.pfb></usr/local/texlive/2016/texmf-dist/fonts/type1
/public/cm-super/sfti0600.pfb></usr/local/texlive/2016/texmf-dist/fonts/type1/p
ublic/cm-super/sfti0900.pfb></usr/local/texlive/2016/texmf-dist/fonts/type1/pub
lic/cm-super/sfti1000.pfb>
Output written on YKR_NatureComm.pdf (12 pages, 1592659 bytes).
PDF statistics:
 194 PDF objects out of 1000 (max. 8388607)
 131 compressed objects within 2 object streams
 0 named destinations out of 1000 (max. 500000)
 26 words of extra memory for PDF output out of 10000 (max. 10000000)

