This is pdfTeX, Version 3.14159265-2.6-1.40.18 (TeX Live 2017/MacPorts 2017_2) (preloaded format=pdflatex 2017.9.26)  8 DEC 2017 14:49
entering extended mode
 restricted \write18 enabled.
 file:line:error style messages enabled.
 %&-line parsing enabled.
**\input YKR_NatureComm-Revision-5.tex
(./YKR_NatureComm-Revision-5.tex
(/opt/local/share/texmf-texlive/tex/latex/lineno/lineno.sty
Package: lineno 2005/11/02 line numbers on paragraphs v4.41
\linenopenalty=\count79
\output=\toks14
\linenoprevgraf=\count80
\linenumbersep=\dimen102
\linenumberwidth=\dimen103
\c@linenumber=\count81
\c@pagewiselinenumber=\count82
\c@LN@truepage=\count83
\c@internallinenumber=\count84
\c@internallinenumbers=\count85
\quotelinenumbersep=\dimen104
\bframerule=\dimen105
\bframesep=\dimen106
\bframebox=\box26
LaTeX Info: Redefining \\ on input line 3056.
)
(/opt/local/share/texmf-texlive/tex/latex/revtex4/revtex4.cls
Document Class: revtex4 2001/08/02 v4.0 (http://publish.aps.org/revtex4/ for do
cumentation)
 Copyright (c) 2001 The American Physical Society.
 mailto:revtex@aps.org
 Licensed under the LPPL:
http://www.ctan.org/tex-archive/macros/latex/base/lppl.txt
 Arthur Ogawa <ogawa@teleport.com>
 Based on work by David Carlisle <david@dcarlisle.demon.co.uk>.
ltxutil: portions licensed from W. E. Baxter (web@superscript.com)
Class revtex4 Info: Repairing broken LateX \@sect on input line 596.
\intertabularlinepenalty=\count86
\@tbpen=\count87
\@arstrutbox@hline=\box27
Class revtex4 Info: Repairing broken LaTeX \@xbitor on input line 1610.
ltxgrid: portions licensed from W. E. Baxter (web@superscript.com)
\c@linecount=\count88
\output=\toks15
\@protection@box=\box28
\@topmark@saved=\toks16
\footins@saved=\box29
\pagesofar=\box30
\footbox=\box31
\pagegrid@col=\count89
Class revtex4 Info: Incorporating package {textcase}  [1998/11/12 v0.06 Text on
ly upper/lower case changing (DPC)]. on input line 3682.
(/Users/redner/Library/texmf/tex/latex/url/url.sty
\Urlmuskip=\muskip10
Package: url 2006/04/12  ver 3.3  Verb mode for urls, etc.
)
\c@affil=\count90
\absbox=\box32
\c@part=\count91
\c@section=\count92
\c@subsection=\count93
\c@subsubsection=\count94
\c@paragraph=\count95
\c@subparagraph=\count96
\abovecaptionskip=\skip41
\belowcaptionskip=\skip42
\c@figure=\count97
\c@table=\count98

(/opt/local/share/texmf-texlive/tex/latex/natbib/natbib.sty
Package: natbib 2010/09/13 8.31b (PWD, AO)
\bibhang=\skip43
\bibsep=\skip44
LaTeX Info: Redefining \cite on input line 694.
\c@NAT@ctr=\count99
)
\widetext@top=\box33
\widetext@bot=\box34

(/opt/local/share/texmf-texlive/tex/latex/revtex4/revsymb.sty
Package: revsymb 2001/08/02 v4.0 (http://publish.aps.org/revtex4/ for documenta
tion)
LaTeX Info: Redefining \REV@mathfrak on input line 118.
))
(/opt/local/share/texmf-texlive/tex/latex/amsfonts/amssymb.sty
Package: amssymb 2013/01/14 v3.01 AMS font symbols

(/opt/local/share/texmf-texlive/tex/latex/amsfonts/amsfonts.sty
Package: amsfonts 2013/01/14 v3.01 Basic AMSFonts support
\@emptytoks=\toks17
\symAMSa=\mathgroup4
\symAMSb=\mathgroup5
LaTeX Font Info:    Overwriting math alphabet `\mathfrak' in version `bold'
(Font)                  U/euf/m/n --> U/euf/b/n on input line 106.
LaTeX Info: Redefining \frak on input line 111.
LaTeX Info: Redefining \Bbb on input line 113.
))
(/opt/local/share/texmf-texlive/tex/latex/amsmath/amsmath.sty
Package: amsmath 2016/11/05 v2.16a AMS math features
\@mathmargin=\skip45

For additional information on amsmath, use the `?' option.
(/opt/local/share/texmf-texlive/tex/latex/amsmath/amstext.sty
Package: amstext 2000/06/29 v2.01 AMS text

(/opt/local/share/texmf-texlive/tex/latex/amsmath/amsgen.sty
File: amsgen.sty 1999/11/30 v2.0 generic functions
\@emptytoks=\toks18
\ex@=\dimen107
))
(/opt/local/share/texmf-texlive/tex/latex/amsmath/amsbsy.sty
Package: amsbsy 1999/11/29 v1.2d Bold Symbols
\pmbraise@=\dimen108
)
(/opt/local/share/texmf-texlive/tex/latex/amsmath/amsopn.sty
Package: amsopn 2016/03/08 v2.02 operator names
)
\inf@bad=\count100
LaTeX Info: Redefining \frac on input line 213.
\uproot@=\count101
\leftroot@=\count102
LaTeX Info: Redefining \overline on input line 375.
\classnum@=\count103
\DOTSCASE@=\count104
LaTeX Info: Redefining \ldots on input line 472.
LaTeX Info: Redefining \dots on input line 475.
LaTeX Info: Redefining \cdots on input line 596.
\Mathstrutbox@=\box35
\strutbox@=\box36
\big@size=\dimen109
LaTeX Font Info:    Redeclaring font encoding OML on input line 712.
LaTeX Font Info:    Redeclaring font encoding OMS on input line 713.
\macc@depth=\count105
\c@MaxMatrixCols=\count106
\dotsspace@=\muskip11
\c@parentequation=\count107
\dspbrk@lvl=\count108
\tag@help=\toks19
\row@=\count109
\column@=\count110
\maxfields@=\count111
\andhelp@=\toks20
\eqnshift@=\dimen110
\alignsep@=\dimen111
\tagshift@=\dimen112
\tagwidth@=\dimen113
\totwidth@=\dimen114
\lineht@=\dimen115
\@envbody=\toks21
\multlinegap=\skip46
\multlinetaggap=\skip47
\mathdisplay@stack=\toks22
LaTeX Info: Redefining \[ on input line 2817.
LaTeX Info: Redefining \] on input line 2818.
)

Class revtex4 Warning: No Society specified, using generic APS style.

(/opt/local/share/texmf-texlive/tex/latex/revtex4/aps.rtx
File: aps.rtx 2001/08/02 v4.0 (http://publish.aps.org/revtex4/ for documentatio
n)
)
(/opt/local/share/texmf-texlive/tex/latex/revtex4/10pt.rtx
File: 10pt.rtx 2001/08/02 v4.0 (http://publish.aps.org/revtex4/ for documentati
on)
)
(/opt/local/share/texmf-texlive/tex/generic/babel/babel.sty
Package: babel 2017/05/19 3.10 The Babel package

(/opt/local/share/texmf-texlive/tex/generic/babel-english/english.ldf
Language: english 2017/01/24 v3.3q English support from the babel system

(/opt/local/share/texmf-texlive/tex/generic/babel/babel.def
File: babel.def 2017/05/19 3.10 Babel common definitions
\babel@savecnt=\count112
\U@D=\dimen116
)
\l@canadian = a dialect from \language\l@american 
\l@australian = a dialect from \language\l@british 
\l@newzealand = a dialect from \language\l@british 
))
(/opt/local/share/texmf-texlive/tex/latex/base/inputenc.sty
Package: inputenc 2015/03/17 v1.2c Input encoding file
\inpenc@prehook=\toks23
\inpenc@posthook=\toks24

(/opt/local/share/texmf-texlive/tex/latex/base/latin1.def
File: latin1.def 2015/03/17 v1.2c Input encoding file
))
(/opt/local/share/texmf-texlive/tex/latex/base/fontenc.sty
Package: fontenc 2017/04/05 v2.0i Standard LaTeX package

(/opt/local/share/texmf-texlive/tex/latex/base/t1enc.def
File: t1enc.def 2017/04/05 v2.0i Standard LaTeX file
LaTeX Font Info:    Redeclaring font encoding T1 on input line 48.
))
(/opt/local/share/texmf-texlive/tex/latex/graphics/color.sty
Package: color 2016/07/10 v1.1e Standard LaTeX Color (DPC)

(/opt/local/share/texmf-texlive/tex/latex/graphics-cfg/color.cfg
File: color.cfg 2016/01/02 v1.6 sample color configuration
)
Package color Info: Driver file: pdftex.def on input line 147.

(/opt/local/share/texmf-texlive/tex/latex/graphics-def/pdftex.def
File: pdftex.def 2017/01/12 v0.06k Graphics/color for pdfTeX

(/opt/local/share/texmf-texlive/tex/generic/oberdiek/infwarerr.sty
Package: infwarerr 2016/05/16 v1.4 Providing info/warning/error messages (HO)
)
(/opt/local/share/texmf-texlive/tex/generic/oberdiek/ltxcmds.sty
Package: ltxcmds 2016/05/16 v1.23 LaTeX kernel commands for general use (HO)
)
\Gread@gobject=\count113
))
(/opt/local/share/texmf-texlive/tex/latex/float/float.sty
Package: float 2001/11/08 v1.3d Float enhancements (AL)
\c@float@type=\count114
\float@exts=\toks25
\float@box=\box37
\@float@everytoks=\toks26
\@floatcapt=\box38
)
(/opt/local/share/texmf-texlive/tex/latex/tools/verbatim.sty
Package: verbatim 2014/10/28 v1.5q LaTeX2e package for verbatim enhancements
\every@verbatim=\toks27
\verbatim@line=\toks28
\verbatim@in@stream=\read1
)
(/opt/local/share/texmf-texlive/tex/latex/graphics/graphicx.sty
Package: graphicx 2014/10/28 v1.0g Enhanced LaTeX Graphics (DPC,SPQR)

(/opt/local/share/texmf-texlive/tex/latex/graphics/keyval.sty
Package: keyval 2014/10/28 v1.15 key=value parser (DPC)
\KV@toks@=\toks29
)
(/opt/local/share/texmf-texlive/tex/latex/graphics/graphics.sty
Package: graphics 2017/04/14 v1.1b Standard LaTeX Graphics (DPC,SPQR)

(/opt/local/share/texmf-texlive/tex/latex/graphics/trig.sty
Package: trig 2016/01/03 v1.10 sin cos tan (DPC)
)
(/opt/local/share/texmf-texlive/tex/latex/graphics-cfg/graphics.cfg
File: graphics.cfg 2016/06/04 v1.11 sample graphics configuration
)
Package graphics Info: Driver file: pdftex.def on input line 99.
)
\Gin@req@height=\dimen117
\Gin@req@width=\dimen118
)
(/opt/local/share/texmf-texlive/tex/latex/tools/bm.sty
Package: bm 2017/01/16 v1.2c Bold Symbol Support (DPC/FMi)
\symboldoperators=\mathgroup6
\symboldletters=\mathgroup7
\symboldsymbols=\mathgroup8
LaTeX Font Info:    Redeclaring math alphabet \mathbf on input line 141.
LaTeX Info: Redefining \bm on input line 207.
)
(/opt/local/share/texmf-texlive/tex/latex/mathtools/mathtools.sty
Package: mathtools 2015/11/12 v1.18 mathematical typesetting tools

(/opt/local/share/texmf-texlive/tex/latex/tools/calc.sty
Package: calc 2014/10/28 v4.3 Infix arithmetic (KKT,FJ)
\calc@Acount=\count115
\calc@Bcount=\count116
\calc@Adimen=\dimen119
\calc@Bdimen=\dimen120
\calc@Askip=\skip48
\calc@Bskip=\skip49
LaTeX Info: Redefining \setlength on input line 80.
LaTeX Info: Redefining \addtolength on input line 81.
\calc@Ccount=\count117
\calc@Cskip=\skip50
)
(/opt/local/share/texmf-texlive/tex/latex/mathtools/mhsetup.sty
Package: mhsetup 2010/01/21 v1.2a programming setup (MH)
)
LaTeX Info: Thecontrolsequence`\('isalreadyrobust on input line 129.
LaTeX Info: Thecontrolsequence`\)'isalreadyrobust on input line 129.
LaTeX Info: Thecontrolsequence`\['isalreadyrobust on input line 129.
LaTeX Info: Thecontrolsequence`\]'isalreadyrobust on input line 129.
\g_MT_multlinerow_int=\count118
\l_MT_multwidth_dim=\dimen121
\origjot=\skip51
\l_MT_shortvdotswithinadjustabove_dim=\dimen122
\l_MT_shortvdotswithinadjustbelow_dim=\dimen123
\l_MT_above_intertext_sep=\dimen124
\l_MT_below_intertext_sep=\dimen125
\l_MT_above_shortintertext_sep=\dimen126
\l_MT_below_shortintertext_sep=\dimen127
)
(/opt/local/share/texmf-texlive/tex/latex/stmaryrd/stmaryrd.sty
Package: stmaryrd 1994/03/03 St Mary's Road symbol package
\symstmry=\mathgroup9
LaTeX Font Info:    Overwriting symbol font `stmry' in version `bold'
(Font)                  U/stmry/m/n --> U/stmry/b/n on input line 89.
)
(/opt/local/share/texmf-texlive/tex/latex/anyfontsize/anyfontsize.sty
Package: anyfontsize 2007/11/22 anyfontsize.sty by pts
)

./YKR_NatureComm-Revision-5.tex:29: LaTeX Error: Option clash for package natbi
b.

See the LaTeX manual or LaTeX Companion for explanation.
Type  H <return>  for immediate help.
 ...                                              
                                                  
l.29 \bibpunct
              {}{}{,}{s}{}{;}
The package natbib has already been loaded with options:
  [sort&compress]
There has now been an attempt to load it with options
  [comma,sort&compress]
Adding the global options:
  sort&compress,comma,sort&compress
to your \documentclass declaration may fix this.
Try typing  <return>  to proceed.

(./YKR_NatureComm-Revision-5.aux)
\openout1 = `YKR_NatureComm-Revision-5.aux'.

LaTeX Font Info:    Checking defaults for OML/cmm/m/it on input line 40.
LaTeX Font Info:    ... okay on input line 40.
LaTeX Font Info:    Checking defaults for T1/cmr/m/n on input line 40.
LaTeX Font Info:    ... okay on input line 40.
LaTeX Font Info:    Checking defaults for OT1/cmr/m/n on input line 40.
LaTeX Font Info:    ... okay on input line 40.
LaTeX Font Info:    Checking defaults for OMS/cmsy/m/n on input line 40.
LaTeX Font Info:    ... okay on input line 40.
LaTeX Font Info:    Checking defaults for OMX/cmex/m/n on input line 40.
LaTeX Font Info:    ... okay on input line 40.
LaTeX Font Info:    Checking defaults for U/cmr/m/n on input line 40.
LaTeX Font Info:    ... okay on input line 40.
Class revtex4 Info: Patching LaTeX tabular. on input line 40.
Class revtex4 Info: cite was not loaded (OK!) on input line 40.
Class revtex4 Info: multicol was not loaded (OK!) on input line 40.

(/opt/local/share/texmf-texlive/tex/context/base/mkii/supp-pdf.mkii
[Loading MPS to PDF converter (version 2006.09.02).]
\scratchcounter=\count119
\scratchdimen=\dimen128
\scratchbox=\box39
\nofMPsegments=\count120
\nofMParguments=\count121
\everyMPshowfont=\toks30
\MPscratchCnt=\count122
\MPscratchDim=\dimen129
\MPnumerator=\count123
\makeMPintoPDFobject=\count124
\everyMPtoPDFconversion=\toks31
) (/opt/local/share/texmf-texlive/tex/generic/oberdiek/pdftexcmds.sty
Package: pdftexcmds 2017/03/19 v0.25 Utility functions of pdfTeX for LuaTeX (HO
)

(/opt/local/share/texmf-texlive/tex/generic/oberdiek/ifluatex.sty
Package: ifluatex 2016/05/16 v1.4 Provides the ifluatex switch (HO)
Package ifluatex Info: LuaTeX not detected.
)
(/opt/local/share/texmf-texlive/tex/generic/oberdiek/ifpdf.sty
Package: ifpdf 2017/03/15 v3.2 Provides the ifpdf switch
)
Package pdftexcmds Info: LuaTeX not detected.
Package pdftexcmds Info: \pdf@primitive is available.
Package pdftexcmds Info: \pdf@ifprimitive is available.
Package pdftexcmds Info: \pdfdraftmode found.
)
(/opt/local/share/texmf-texlive/tex/latex/oberdiek/epstopdf-base.sty
Package: epstopdf-base 2016/05/15 v2.6 Base part for package epstopdf

(/opt/local/share/texmf-texlive/tex/latex/oberdiek/grfext.sty
Package: grfext 2016/05/16 v1.2 Manage graphics extensions (HO)

(/opt/local/share/texmf-texlive/tex/generic/oberdiek/kvdefinekeys.sty
Package: kvdefinekeys 2016/05/16 v1.4 Define keys (HO)
))
(/opt/local/share/texmf-texlive/tex/latex/oberdiek/kvoptions.sty
Package: kvoptions 2016/05/16 v3.12 Key value format for package options (HO)

(/opt/local/share/texmf-texlive/tex/generic/oberdiek/kvsetkeys.sty
Package: kvsetkeys 2016/05/16 v1.17 Key value parser (HO)

(/opt/local/share/texmf-texlive/tex/generic/oberdiek/etexcmds.sty
Package: etexcmds 2016/05/16 v1.6 Avoid name clashes with e-TeX commands (HO)
Package etexcmds Info: Could not find \expanded.
(etexcmds)             That can mean that you are not using pdfTeX 1.50 or
(etexcmds)             that some package has redefined \expanded.
(etexcmds)             In the latter case, load this package earlier.
)))
Package epstopdf-base Info: Redefining graphics rule for `.eps' on input line 4
38.
Package grfext Info: Graphics extension search list:
(grfext)             [.png,.pdf,.jpg,.mps,.jpeg,.jbig2,.jb2,.PNG,.PDF,.JPG,.JPE
G,.JBIG2,.JB2,.eps]
(grfext)             \AppendGraphicsExtensions on input line 456.

(/opt/local/share/texmf-texlive/tex/latex/latexconfig/epstopdf-sys.cfg
File: epstopdf-sys.cfg 2010/07/13 v1.3 Configuration of (r)epstopdf for TeX Liv
e
))
LaTeX Font Info:    Try loading font information for T1+cmss on input line 59.

(/opt/local/share/texmf-texlive/tex/latex/base/t1cmss.fd
File: t1cmss.fd 2014/09/29 v2.5h Standard LaTeX font definitions
)
LaTeX Font Info:    Try loading font information for U+msa on input line 59.

(/opt/local/share/texmf-texlive/tex/latex/amsfonts/umsa.fd
File: umsa.fd 2013/01/14 v3.01 AMS symbols A
)
LaTeX Font Info:    Try loading font information for U+msb on input line 59.

(/opt/local/share/texmf-texlive/tex/latex/amsfonts/umsb.fd
File: umsb.fd 2013/01/14 v3.01 AMS symbols B
)
LaTeX Font Info:    Try loading font information for U+stmry on input line 59.

(/opt/local/share/texmf-texlive/tex/latex/stmaryrd/Ustmry.fd)
Underfull \hbox (badness 6396) in paragraph at lines 88--107
[]\T1/cmr/m/n/10 Including in-di-vid-ual en-er-getic dy-nam-ics$[]$ in a
 []


Underfull \hbox (badness 3354) in paragraph at lines 130--144
 \T1/cmr/bx/n/10 Nu-tri-tional state-structured model (NSM).[]
 []

[1{/opt/local/var/db/texmf/fonts/map/pdftex/updmap/pdftex.map}]
Package epstopdf Info: Source file: <fig_FixedPoint2.eps>
(epstopdf)                    date: 2017-11-02 14:24:47
(epstopdf)                    size: 664807 bytes
(epstopdf)             Output file: <fig_FixedPoint2-eps-converted-to.pdf>
(epstopdf)                    date: 2017-11-02 14:24:56
(epstopdf)                    size: 183688 bytes
(epstopdf)             Command: <repstopdf --outfile=fig_FixedPoint2-eps-conver
ted-to.pdf fig_FixedPoint2.eps>
(epstopdf)             \includegraphics on input line 147.
Package epstopdf Info: Output file is already uptodate.

<fig_FixedPoint2-eps-converted-to.pdf, id=15, 274.02374pt x 206.7725pt>
File: fig_FixedPoint2-eps-converted-to.pdf Graphic file (type pdf)

<use fig_FixedPoint2-eps-converted-to.pdf>
Package pdftex.def Info: fig_FixedPoint2-eps-converted-to.pdf used on input lin
e 147.
(pdftex.def)             Requested size: 229.49844pt x 173.17657pt.

Underfull \hbox (badness 1005) in paragraph at lines 227--236
\T1/cmr/m/n/10 replete (re-pro-duc-ing) in-di-vid-u-als, thereby pro-mot-ing
 []


Underfull \hbox (badness 10000) in paragraph at lines 227--236

 []

[2 <./fig_FixedPoint2-eps-converted-to.pdf>]
Package epstopdf Info: Source file: <Growth-trajectory-diagram.eps>
(epstopdf)                    date: 2017-11-07 21:53:50
(epstopdf)                    size: 1501753 bytes
(epstopdf)             Output file: <Growth-trajectory-diagram-eps-converted-to
.pdf>
(epstopdf)                    date: 2017-11-09 18:24:42
(epstopdf)                    size: 591325 bytes
(epstopdf)             Command: <repstopdf --outfile=Growth-trajectory-diagram-
eps-converted-to.pdf Growth-trajectory-diagram.eps>
(epstopdf)             \includegraphics on input line 245.
Package epstopdf Info: Output file is already uptodate.

<Growth-trajectory-diagram-eps-converted-to.pdf, id=29, 1027.84pt x 770.88pt>
File: Growth-trajectory-diagram-eps-converted-to.pdf Graphic file (type pdf)

<use Growth-trajectory-diagram-eps-converted-to.pdf>
Package pdftex.def Info: Growth-trajectory-diagram-eps-converted-to.pdf used on
 input line 245.
(pdftex.def)             Requested size: 203.99689pt x 152.997pt.
Package epstopdf Info: Source file: <fig_ExtinctionAllometricComb4.eps>
(epstopdf)                    date: 2017-11-07 21:56:35
(epstopdf)                    size: 986232 bytes
(epstopdf)             Output file: <fig_ExtinctionAllometricComb4-eps-converte
d-to.pdf>
(epstopdf)                    date: 2017-11-07 21:57:07
(epstopdf)                    size: 254747 bytes
(epstopdf)             Command: <repstopdf --outfile=fig_ExtinctionAllometricCo
mb4-eps-converted-to.pdf fig_ExtinctionAllometricComb4.eps>
(epstopdf)             \includegraphics on input line 316.
Package epstopdf Info: Output file is already uptodate.

<fig_ExtinctionAllometricComb4-eps-converted-to.pdf, id=30, 276.03125pt x 426.5
9375pt>
File: fig_ExtinctionAllometricComb4-eps-converted-to.pdf Graphic file (type pdf
)
 <use fig_ExtinctionAllometricComb4-eps-converted-to.pdf>
Package pdftex.def Info: fig_ExtinctionAllometricComb4-eps-converted-to.pdf use
d on input line 316.
(pdftex.def)             Requested size: 203.99689pt x 315.28386pt.
 [3 <./Growth-trajectory-diagram-eps-converted-to.pdf> <./fig_ExtinctionAllomet
ricComb4-eps-converted-to.pdf>]
Underfull \hbox (badness 10000) in paragraph at lines 355--375

 []

Package epstopdf Info: Source file: <fig_FPAllometric2.eps>
(epstopdf)                    date: 2017-12-07 13:42:31
(epstopdf)                    size: 674164 bytes
(epstopdf)             Output file: <fig_FPAllometric2-eps-converted-to.pdf>
(epstopdf)                    date: 2017-11-01 11:59:27
(epstopdf)                    size: 142536 bytes
(epstopdf)             Command: <repstopdf --outfile=fig_FPAllometric2-eps-conv
erted-to.pdf fig_FPAllometric2.eps>
(epstopdf)             \includegraphics on input line 417.
runsystem(repstopdf --outfile=fig_FPAllometric2-eps-converted-to.pdf fig_FPAllo
metric2.eps)...executed safely (allowed).

Package epstopdf Info: Result file: <fig_FPAllometric2-eps-converted-to.pdf>
(epstopdf)                    date: 2017-12-08 14:49:06
(epstopdf)                    size: 142510 bytes.
<fig_FPAllometric2-eps-converted-to.pdf, id=51, 206.7725pt x 148.555pt>
File: fig_FPAllometric2-eps-converted-to.pdf Graphic file (type pdf)

<use fig_FPAllometric2-eps-converted-to.pdf>
Package pdftex.def Info: fig_FPAllometric2-eps-converted-to.pdf used on input l
ine 417.
(pdftex.def)             Requested size: 203.99689pt x 146.5644pt.
 [4 <./fig_FPAllometric2-eps-converted-to.pdf>]
Package epstopdf Info: Source file: <fig_Invasion.eps>
(epstopdf)                    date: 2017-10-17 15:42:04
(epstopdf)                    size: 280675 bytes
(epstopdf)             Output file: <fig_Invasion-eps-converted-to.pdf>
(epstopdf)                    date: 2017-10-17 15:42:09
(epstopdf)                    size: 271804 bytes
(epstopdf)             Command: <repstopdf --outfile=fig_Invasion-eps-converted
-to.pdf fig_Invasion.eps>
(epstopdf)             \includegraphics on input line 519.
Package epstopdf Info: Output file is already uptodate.

<fig_Invasion-eps-converted-to.pdf, id=60, 361.35pt x 233.87375pt>
File: fig_Invasion-eps-converted-to.pdf Graphic file (type pdf)

<use fig_Invasion-eps-converted-to.pdf>
Package pdftex.def Info: fig_Invasion-eps-converted-to.pdf used on input line 5
19.
(pdftex.def)             Requested size: 203.99689pt x 132.03183pt.
 [5 <./fig_Invasion-eps-converted-to.pdf>]
Underfull \hbox (badness 1127) in paragraph at lines 588--595
\T1/cmr/m/n/10 mass was pre-dicted by Brown et al. based on re-
 []


Underfull \hbox (badness 10000) in paragraph at lines 588--595

 []


Underfull \hbox (badness 10000) in paragraph at lines 596--597

 []

[6] [7] [8]
Underfull \hbox (badness 10000) in paragraph at lines 1325--1334
 []\T1/cmr/m/n/8 Savage, V. M., Gillooly, J. F., Brown, J. H.,
 []


Underfull \hbox (badness 4132) in paragraph at lines 1325--1334
 \T1/cmr/m/n/8 West, G. B. & Charnov, E. L.  Ef-fects of Body
 []


Underfull \hbox (badness 10000) in paragraph at lines 1325--1334
 \T1/cmr/m/n/8 Size and Tem-per-a-ture on Pop-u-la-tion Growth.
 []


Underfull \hbox (badness 10000) in paragraph at lines 1325--1334
 \T1/cmr/m/it/8 http://dx.doi.org.proxy.lib.sfu.ca/10.1086/679735 \T1/cmr/bx/n/
8 163\T1/cmr/m/n/8 ,
 []

[9] (./YKR_NatureComm-Revision-5.aux) ) 
Here is how much of TeX's memory you used:
 6066 strings out of 494108
 83158 string characters out of 6155685
 193400 words of memory out of 5000000
 9300 multiletter control sequences out of 15000+600000
 26044 words of font info for 70 fonts, out of 8000000 for 9000
 430 hyphenation exceptions out of 8191
 39i,15n,30p,1301b,555s stack positions out of 5000i,500n,10000p,200000b,80000s
{/opt/local/share/texmf-texlive/fonts/en
c/dvips/cm-super/cm-super-t1.enc}</opt/local/share/texmf-texlive/fonts/type1/pu
blic/amsfonts/cm/cmbx10.pfb></opt/local/share/texmf-texlive/fonts/type1/public/
amsfonts/cm/cmbx9.pfb></opt/local/share/texmf-texlive/fonts/type1/public/amsfon
ts/cmextra/cmex9.pfb></opt/local/share/texmf-texlive/fonts/type1/public/amsfont
s/cm/cmmi10.pfb></opt/local/share/texmf-texlive/fonts/type1/public/amsfonts/cm/
cmmi5.pfb></opt/local/share/texmf-texlive/fonts/type1/public/amsfonts/cm/cmmi6.
pfb></opt/local/share/texmf-texlive/fonts/type1/public/amsfonts/cm/cmmi7.pfb></
opt/local/share/texmf-texlive/fonts/type1/public/amsfonts/cm/cmmi9.pfb></opt/lo
cal/share/texmf-texlive/fonts/type1/public/amsfonts/cm/cmr10.pfb></opt/local/sh
are/texmf-texlive/fonts/type1/public/amsfonts/cm/cmr5.pfb></opt/local/share/tex
mf-texlive/fonts/type1/public/amsfonts/cm/cmr6.pfb></opt/local/share/texmf-texl
ive/fonts/type1/public/amsfonts/cm/cmr7.pfb></opt/local/share/texmf-texlive/fon
ts/type1/public/amsfonts/cm/cmr9.pfb></opt/local/share/texmf-texlive/fonts/type
1/public/amsfonts/cm/cmsy10.pfb></opt/local/share/texmf-texlive/fonts/type1/pub
lic/amsfonts/cm/cmsy5.pfb></opt/local/share/texmf-texlive/fonts/type1/public/am
sfonts/cm/cmsy6.pfb></opt/local/share/texmf-texlive/fonts/type1/public/amsfonts
/cm/cmsy7.pfb></opt/local/share/texmf-texlive/fonts/type1/public/amsfonts/cm/cm
sy9.pfb></opt/local/share/texmf-texlive/fonts/type1/public/cm-super/sfbx0800.pf
b></opt/local/share/texmf-texlive/fonts/type1/public/cm-super/sfbx0900.pfb></op
t/local/share/texmf-texlive/fonts/type1/public/cm-super/sfbx1000.pfb></opt/loca
l/share/texmf-texlive/fonts/type1/public/cm-super/sfbx1200.pfb></opt/local/shar
e/texmf-texlive/fonts/type1/public/cm-super/sfrm0600.pfb></opt/local/share/texm
f-texlive/fonts/type1/public/cm-super/sfrm0700.pfb></opt/local/share/texmf-texl
ive/fonts/type1/public/cm-super/sfrm0800.pfb></opt/local/share/texmf-texlive/fo
nts/type1/public/cm-super/sfrm0900.pfb></opt/local/share/texmf-texlive/fonts/ty
pe1/public/cm-super/sfrm1000.pfb></opt/local/share/texmf-texlive/fonts/type1/pu
blic/cm-super/sfss0500.pfb></opt/local/share/texmf-texlive/fonts/type1/public/c
m-super/sfti0600.pfb></opt/local/share/texmf-texlive/fonts/type1/public/cm-supe
r/sfti0800.pfb></opt/local/share/texmf-texlive/fonts/type1/public/cm-super/sfti
0900.pfb></opt/local/share/texmf-texlive/fonts/type1/public/cm-super/sfti1000.p
fb>
Output written on YKR_NatureComm-Revision-5.pdf (9 pages, 1953903 bytes).
PDF statistics:
 246 PDF objects out of 1000 (max. 8388607)
 164 compressed objects within 2 object streams
 0 named destinations out of 1000 (max. 500000)
 26 words of extra memory for PDF output out of 10000 (max. 10000000)

