This is pdfTeX, Version 3.14159265-2.6-1.40.17 (TeX Live 2016/MacPorts 2016_0) (preloaded format=pdflatex 2016.7.13)  22 JUL 2016 11:41
entering extended mode
 restricted \write18 enabled.
 %&-line parsing enabled.
**\input 1.tex
(./1.tex (./pnastwo.cls


 Two Column Journal Style for the
 Proceedings of the National Academy of Science 
 Written by Amy Hendrickson, TeXnology, Inc., 9/04
 
 This version is dated April 15, 2008


Document Class: pnastwo 
\affilcount=\count79
\saveaffilcount=\count80
\c@fnaffilcount=\count81
\c@part=\count82
\c@section=\count83
\c@subsection=\count84
\c@subsubsection=\count85
\c@paragraph=\count86
\c@subparagraph=\count87
\c@figure=\count88
\c@table=\count89
\abovecaptionskip=\skip41
\belowcaptionskip=\skip42
\bibindent=\dimen102
\bibskip=\skip43
\footnum=\count90
\savefootnum=\count91
\abovefigcaptionskip=\skip44
\abovetabcaptionskip=\skip45
\abovetableskip=\skip46
\belowtabcaptionskip=\dimen103
\saveparskip=\dimen104
\captionskip=\dimen105
\PushOneColTopFig=\dimen106
\PushOneColBotFig=\dimen107
\PushOneColTopTab=\dimen108
\PushOneColBotTab=\dimen109
\PushTwoColTopFig=\dimen110
\PushTwoColBotFig=\dimen111
\PushTwoColTopTab=\dimen112
\PushTwoColBotTab=\dimen113
\intextfloatskip=\skip47
\c@appfigure=\count92
\c@apptable=\count93
\c@appplate=\count94
\checkforspace=\dimen114
\savetopinsert=\box26
\savebotinsert=\box27
\secondsavetopinsert=\box28
\secondsavebotinsert=\box29
\firstcolbox=\box30
\secondcolbox=\box31
\thefirstbox=\box32
\thesecondbox=\box33
\firstcol=\dimen115
\secondcol=\dimen116
\checkheight=\dimen117
\loopnum=\count95
\firstcolsavefignum=\count96
\footnotebox=\box34
\ColUsed=\dimen118
\FigSpace=\dimen119
\testdblbotins=\box35
\pageloopnum=\count97
\endcolsavetopinsert=\box36
\endcolsavebotinsert=\box37
\testpagesize=\box38
\savelastskip=\dimen120
\partialpage=\box39
\figandtabnumber=\count98
\figandtabbox=\box40
\pagefloatnumber=\count99
\sizeoffloat=\box41
\bogus=\count100
\figinsert=\insert199
\herebox=\box42
\endfigbox=\box43
\spanbox=\box44
\dbltopins=\box45
\dblbotins=\box46
\dblbotskip=\skip48
\dblfigandtabnumber=\count101
\dblfigandtabbox=\box47
\dblloopnum=\count102
\savedblfigandtabnumber=\count103
\dblspanherebox=\box48
\captionwidth=\dimen121
\widecaptionwidth=\dimen122
\tablenoteloopnum=\count104
\tablenotenum=\count105
\c@theorem=\count106
\c@lemma=\count107
\c@definition=\count108
\c@claim=\count109
\c@alemma=\count110
\c@remark=\count111
\tablewide=\box49
) (/opt/local/share/texmf-texlive/tex/latex/graphics/graphicx.sty
Package: graphicx 2014/10/28 v1.0g Enhanced LaTeX Graphics (DPC,SPQR)

(/opt/local/share/texmf-texlive/tex/latex/graphics/keyval.sty
Package: keyval 2014/10/28 v1.15 key=value parser (DPC)
\KV@toks@=\toks14
)
(/opt/local/share/texmf-texlive/tex/latex/graphics/graphics.sty
Package: graphics 2016/05/09 v1.0r Standard LaTeX Graphics (DPC,SPQR)

(/opt/local/share/texmf-texlive/tex/latex/graphics/trig.sty
Package: trig 2016/01/03 v1.10 sin cos tan (DPC)
)
(/opt/local/share/texmf-texlive/tex/latex/graphics-cfg/graphics.cfg
File: graphics.cfg 2016/01/02 v1.10 sample graphics configuration
)
Package graphics Info: Driver file: pdftex.def on input line 96.

(/opt/local/share/texmf-texlive/tex/latex/pdftex-def/pdftex.def
File: pdftex.def 2011/05/27 v0.06d Graphics/color for pdfTeX

(/opt/local/share/texmf-texlive/tex/generic/oberdiek/infwarerr.sty
Package: infwarerr 2016/05/16 v1.4 Providing info/warning/error messages (HO)
)
(/opt/local/share/texmf-texlive/tex/generic/oberdiek/ltxcmds.sty
Package: ltxcmds 2016/05/16 v1.23 LaTeX kernel commands for general use (HO)
)
\Gread@gobject=\count112
))
\Gin@req@height=\dimen123
\Gin@req@width=\dimen124
)
(./pnastwof.sty


 -------------------------------------------
 PostScript Fonts for PNAS One Column Journal Style
 April 8b, 2008

 IMPORTANT: If you use font encoding, as in \usepackage{T1enc},
 please use it BEFORE \usepackage{pnasfont}, ie:
 \documentclass{pnasone}
 \usepackage{T1enc}
 \usepackage[driver name]{color}

 \usepackage{pnas}
 -------------------------------------------
 
 
) (/opt/local/share/texmf-texlive/tex/latex/amsmath/amsmath.sty
Package: amsmath 2016/03/10 v2.15b AMS math features
\@mathmargin=\skip49

For additional information on amsmath, use the `?' option.
(/opt/local/share/texmf-texlive/tex/latex/amsmath/amstext.sty
Package: amstext 2000/06/29 v2.01 AMS text

(/opt/local/share/texmf-texlive/tex/latex/amsmath/amsgen.sty
File: amsgen.sty 1999/11/30 v2.0 generic functions
\@emptytoks=\toks15
\ex@=\dimen125
))
(/opt/local/share/texmf-texlive/tex/latex/amsmath/amsbsy.sty
Package: amsbsy 1999/11/29 v1.2d Bold Symbols
\pmbraise@=\dimen126
)
(/opt/local/share/texmf-texlive/tex/latex/amsmath/amsopn.sty
Package: amsopn 2016/03/08 v2.02 operator names
)
\inf@bad=\count113
LaTeX Info: Redefining \frac on input line 199.
\uproot@=\count114
\leftroot@=\count115
LaTeX Info: Redefining \overline on input line 297.
\classnum@=\count116
\DOTSCASE@=\count117
LaTeX Info: Redefining \ldots on input line 394.
LaTeX Info: Redefining \dots on input line 397.
LaTeX Info: Redefining \cdots on input line 518.
\Mathstrutbox@=\box50
\strutbox@=\box51
\big@size=\dimen127
LaTeX Font Info:    Redeclaring font encoding OML on input line 634.
LaTeX Font Info:    Redeclaring font encoding OMS on input line 635.
\macc@depth=\count118
\c@MaxMatrixCols=\count119
\dotsspace@=\muskip10
\c@parentequation=\count120
\dspbrk@lvl=\count121
\tag@help=\toks16
\row@=\count122
\column@=\count123
\maxfields@=\count124
\andhelp@=\toks17
\eqnshift@=\dimen128
\alignsep@=\dimen129
\tagshift@=\dimen130
\tagwidth@=\dimen131
\totwidth@=\dimen132
\lineht@=\dimen133
\@envbody=\toks18
\multlinegap=\skip50
\multlinetaggap=\skip51
\mathdisplay@stack=\toks19
LaTeX Info: Redefining \[ on input line 2739.
LaTeX Info: Redefining \] on input line 2740.
)
(/opt/local/share/texmf-texlive/tex/latex/caption/caption.sty
Package: caption 2016/02/21 v3.3-144 Customizing captions (AR)

(/opt/local/share/texmf-texlive/tex/latex/caption/caption3.sty
Package: caption3 2016/02/04 v1.7-139 caption3 kernel (AR)
Package caption3 Info: TeX engine: e-TeX on input line 67.
\captionmargin=\dimen134
\captionmargin@=\dimen135
\captionwidth=\dimen136
\caption@tempdima=\dimen137
\caption@indent=\dimen138
\caption@parindent=\dimen139
\caption@hangindent=\dimen140
Package caption Info: Unknown document class (or package),
(caption)             standard defaults will be used.
)

Package caption Warning: Unsupported document class (or package) detected,
(caption)                usage of the caption package is not recommended.
See the caption package documentation for explanation.

Package caption Info: \@makecaption = \long macro:#1#2->\ifx \@captype \xtable 
\let \currtabcaption \relax \gdef \currtabcaption { \tabnumfont \relax #1. \tab
textfont \relax #2\par \vskip \belowcaptionskip } \else \vskip \abovecaptionski
p \sbox \@tempboxa {\fignumfont #1.\figtextfont \hskip .5em\relax #2}\ifdim \wd
 \@tempboxa >\hsize \fignumfont \relax #1.\figtextfont \hskip .5em\relax #2\par
 \else \global \@minipagefalse \hb@xt@ \hsize {\hfil \box \@tempboxa \hfil }\fi
 \fi .
\c@ContinuedFloat=\count125
) (/opt/local/share/texmf-texlive/tex/latex/subfigure/subfigure.sty
Package: subfigure 2002/03/15 v2.1.5 subfigure package
\subfigtopskip=\skip52
\subfigcapskip=\skip53
\subfigcaptopadj=\dimen141
\subfigbottomskip=\skip54
\subfigcapmargin=\dimen142
\subfiglabelskip=\skip55
\c@subfigure=\count126
\c@lofdepth=\count127
\c@subtable=\count128
\c@lotdepth=\count129

****************************************
* Local config file subfigure.cfg used *
****************************************
(/opt/local/share/texmf-texlive/tex/latex/subfigure/subfigure.cfg)
\subfig@top=\skip56
\subfig@bottom=\skip57
)
(/opt/local/share/texmf-texlive/tex/latex/oberdiek/epstopdf.sty
Package: epstopdf 2016/05/15 v2.6 Conversion with epstopdf on the fly (HO)

(/opt/local/share/texmf-texlive/tex/latex/oberdiek/epstopdf-base.sty
Package: epstopdf-base 2016/05/15 v2.6 Base part for package epstopdf

(/opt/local/share/texmf-texlive/tex/latex/oberdiek/grfext.sty
Package: grfext 2016/05/16 v1.2 Manage graphics extensions (HO)

(/opt/local/share/texmf-texlive/tex/generic/oberdiek/kvdefinekeys.sty
Package: kvdefinekeys 2016/05/16 v1.4 Define keys (HO)
))
(/opt/local/share/texmf-texlive/tex/latex/oberdiek/kvoptions.sty
Package: kvoptions 2016/05/16 v3.12 Key value format for package options (HO)

(/opt/local/share/texmf-texlive/tex/generic/oberdiek/kvsetkeys.sty
Package: kvsetkeys 2016/05/16 v1.17 Key value parser (HO)

(/opt/local/share/texmf-texlive/tex/generic/oberdiek/etexcmds.sty
Package: etexcmds 2016/05/16 v1.6 Avoid name clashes with e-TeX commands (HO)

(/opt/local/share/texmf-texlive/tex/generic/oberdiek/ifluatex.sty
Package: ifluatex 2016/05/16 v1.4 Provides the ifluatex switch (HO)
Package ifluatex Info: LuaTeX not detected.
)
Package etexcmds Info: Could not find \expanded.
(etexcmds)             That can mean that you are not using pdfTeX 1.50 or
(etexcmds)             that some package has redefined \expanded.
(etexcmds)             In the latter case, load this package earlier.
)))
(/opt/local/share/texmf-texlive/tex/generic/oberdiek/pdftexcmds.sty
Package: pdftexcmds 2016/05/10 v0.21 Utility functions of pdfTeX for LuaTeX (HO
)

(/opt/local/share/texmf-texlive/tex/generic/oberdiek/ifpdf.sty
Package: ifpdf 2016/05/14 v3.1 Provides the ifpdf switch
)
Package pdftexcmds Info: LuaTeX not detected.
Package pdftexcmds Info: \pdf@primitive is available.
Package pdftexcmds Info: \pdf@ifprimitive is available.
Package pdftexcmds Info: \pdfdraftmode found.
)
Package grfext Info: Graphics extension search list:
(grfext)             [.png,.pdf,.jpg,.mps,.jpeg,.jbig2,.jb2,.PNG,.PDF,.JPG,.JPE
G,.JBIG2,.JB2,.eps]
(grfext)             \AppendGraphicsExtensions on input line 456.

(/opt/local/share/texmf-texlive/tex/latex/latexconfig/epstopdf-sys.cfg
File: epstopdf-sys.cfg 2010/07/13 v1.3 Configuration of (r)epstopdf for TeX Liv
e
)))
(/opt/local/share/texmf-texlive/tex/latex/tools/verbatim.sty
Package: verbatim 2014/10/28 v1.5q LaTeX2e package for verbatim enhancements
\every@verbatim=\toks20
\verbatim@line=\toks21
\verbatim@in@stream=\read1
)
(/opt/local/share/texmf-texlive/tex/latex/tools/array.sty
Package: array 2014/10/28 v2.4c Tabular extension package (FMi)
\col@sep=\dimen143
\extrarowheight=\dimen144
\NC@list=\toks22
\extratabsurround=\skip58
\backup@length=\skip59
)
(/opt/local/share/texmf-texlive/tex/latex/tools/tabularx.sty
Package: tabularx 2016/02/03 v2.11 `tabularx' package (DPC)
\TX@col@width=\dimen145
\TX@old@table=\dimen146
\TX@old@col=\dimen147
\TX@target=\dimen148
\TX@delta=\dimen149
\TX@cols=\count130
\TX@ftn=\toks23
)
(/opt/local/share/texmf-texlive/tex/latex/multirow/multirow.sty
\bigstrutjot=\dimen150
)
(/opt/local/share/texmf-texlive/tex/latex/graphics/color.sty
Package: color 2016/05/09 v1.1c Standard LaTeX Color (DPC)

(/opt/local/share/texmf-texlive/tex/latex/graphics-cfg/color.cfg
File: color.cfg 2016/01/02 v1.6 sample color configuration
)
Package color Info: Driver file: pdftex.def on input line 144.
)
(/opt/local/share/texmf-texlive/tex/latex/rotating/rotating.sty
Package: rotating 2009/03/28 v2.16a rotated objects in LaTeX

(/opt/local/share/texmf-texlive/tex/latex/base/ifthen.sty
Package: ifthen 2014/09/29 v1.1c Standard LaTeX ifthen package (DPC)
)
\c@r@tfl@t=\count131
\rotFPtop=\skip60
\rotFPbot=\skip61
\rot@float@box=\box52
\rot@mess@toks=\toks24
)
(/opt/local/share/texmf-texlive/tex/latex/lineno/lineno.sty
Package: lineno 2005/11/02 line numbers on paragraphs v4.41
\linenopenalty=\count132
\output=\toks25
\linenoprevgraf=\count133
\linenumbersep=\dimen151
\linenumberwidth=\dimen152
\c@linenumber=\count134
\c@pagewiselinenumber=\count135
\c@LN@truepage=\count136
\c@internallinenumber=\count137
\c@internallinenumbers=\count138
\quotelinenumbersep=\dimen153
\bframerule=\dimen154
\bframesep=\dimen155
\bframebox=\box53
LaTeX Info: Redefining \\ on input line 3056.
) (./1.aux)
\openout1 = `1.aux'.

LaTeX Font Info:    Checking defaults for OML/cmm/m/it on input line 83.
LaTeX Font Info:    ... okay on input line 83.
LaTeX Font Info:    Checking defaults for T1/cmr/m/n on input line 83.
LaTeX Font Info:    ... okay on input line 83.
LaTeX Font Info:    Checking defaults for OT1/cmr/m/n on input line 83.
LaTeX Font Info:    ... okay on input line 83.
LaTeX Font Info:    Checking defaults for OMS/cmsy/m/n on input line 83.
LaTeX Font Info:    ... okay on input line 83.
LaTeX Font Info:    Checking defaults for OMX/cmex/m/n on input line 83.
LaTeX Font Info:    ... okay on input line 83.
LaTeX Font Info:    Checking defaults for U/cmr/m/n on input line 83.
LaTeX Font Info:    ... okay on input line 83.

(/opt/local/share/texmf-texlive/tex/context/base/mkii/supp-pdf.mkii
[Loading MPS to PDF converter (version 2006.09.02).]
\scratchcounter=\count139
\scratchdimen=\dimen156
\scratchbox=\box54
\nofMPsegments=\count140
\nofMParguments=\count141
\everyMPshowfont=\toks26
\MPscratchCnt=\count142
\MPscratchDim=\dimen157
\MPnumerator=\count143
\makeMPintoPDFobject=\count144
\everyMPtoPDFconversion=\toks27
)
Package caption Info: Begin \AtBeginDocument code.
Package caption Info: rotating package is loaded.
Package caption Info: subfigure package is loaded.
Package caption Info: End \AtBeginDocument code.
LaTeX Font Info:    Try loading font information for OT1+phvr on input line 102
.
LaTeX Font Info:    No file OT1phvr.fd. on input line 102.


LaTeX Font Warning: Font shape `OT1/phvr/m/n' undefined
(Font)              using `OT1/cmr/m/n' instead on input line 102.


LaTeX Font Warning: Font shape `OT1/phvr/m/it' undefined
(Font)              using `OT1/phvr/m/n' instead on input line 107.

LaTeX Font Info:    Font shape `OT1/cmr10 /bx/n' in size <9> not available
(Font)              Font shape `OT1/cmr10 /b/n' tried instead on input line 112
.

Underfull \hbox (badness 10000) in paragraph at lines 170--180

 []


Package amsmath Warning: Cannot use `split' here;
(amsmath)                trying to recover with `aligned' on input line 206.


Package amsmath Warning: Cannot use `split' here;
(amsmath)                trying to recover with `aligned' on input line 225.

[1

{/opt/local/var/db/texmf/fonts/map/pdftex/updmap/pdftex.map}]
Overfull \vbox (2.00002pt too high) has occurred while \output is active []


[2] [3] [4] (./1.bbl) [5]
<Growth-trajectory-diagram.pdf, id=37, 1027.84pt x 770.88pt>
File: Growth-trajectory-diagram.pdf Graphic file (type pdf)

<use Growth-trajectory-diagram.pdf>
Package pdftex.def Info: Growth-trajectory-diagram.pdf used on input line 645.
(pdftex.def)             Requested size: 255.0pt x 191.24919pt.

<fig_GvS.pdf, id=38, 361.35pt x 235.88126pt>
File: fig_GvS.pdf Graphic file (type pdf)
 <use fig_GvS.pdf>
Package pdftex.def Info: fig_GvS.pdf used on input line 653.
(pdftex.def)             Requested size: 255.0pt x 166.45827pt.

<fig_FixedPoint.pdf, id=39, 271.0125pt x 412.54124pt>
File: fig_FixedPoint.pdf Graphic file (type pdf)
 <use fig_FixedPoint.pdf>
Package pdftex.def Info: fig_FixedPoint.pdf used on input line 661.
(pdftex.def)             Requested size: 255.0pt x 388.17911pt.

<fig_DataHopf.pdf, id=40, 317.185pt x 169.63374pt>
File: fig_DataHopf.pdf Graphic file (type pdf)
 <use fig_DataHopf.pdf>
Package pdftex.def Info: fig_DataHopf.pdf used on input line 669.
(pdftex.def)             Requested size: 255.0pt x 136.38014pt.

<fig_ExtinctionAllometric.pdf, id=41, 433.62pt x 294.09875pt>
File: fig_ExtinctionAllometric.pdf Graphic file (type pdf)

<use fig_ExtinctionAllometric.pdf>
Package pdftex.def Info: fig_ExtinctionAllometric.pdf used on input line 677.
(pdftex.def)             Requested size: 255.0pt x 172.95131pt.

<fig_FPAllometric.pdf, id=42, 360.34625pt x 672.5125pt>
File: fig_FPAllometric.pdf Graphic file (type pdf)

<use fig_FPAllometric.pdf>
Package pdftex.def Info: fig_FPAllometric.pdf used on input line 685.
(pdftex.def)             Requested size: 229.49844pt x 428.31314pt.
 <fig_Invasion.pdf, id=43, 301.125pt x 297.11pt>
File: fig_Invasion.pdf Graphic file (type pdf)

<use fig_Invasion.pdf>
Package pdftex.def Info: fig_Invasion.pdf used on input line 693.
(pdftex.def)             Requested size: 510.0pt x 503.24876pt.
 [6 <./Growth-trajectory-diagram.pdf> <./fig_GvS.pdf>]
[7 <./fig_FixedPoint.pdf> <./fig_DataHopf.pdf

pdfTeX warning: pdflatex (file ./fig_DataHopf.pdf): PDF inclusion: multiple pdf
s with page group included in a single page
>] [8 <./fig_ExtinctionAllometric.pdf> <./fig_FPAllometric.pdf

pdfTeX warning: pdflatex (file ./fig_FPAllometric.pdf): PDF inclusion: multiple
 pdfs with page group included in a single page
>] [9 <./fig_Invasion.pdf>]
LaTeX Font Info:    Font shape `OT1/cmr10 /bx/n' in size <8> not available
(Font)              Font shape `OT1/cmr10 /b/n' tried instead on input line 762
.

Underfull \hbox (badness 10000) in paragraph at lines 762--762
[]|\OT1/cmr10 /b/n/8 Unicellular Eu-
 []


Underfull \hbox (badness 10000) in paragraph at lines 772--772
[]|$\OT1/cmr/m/n/8 3\OML/cmm/m/it/8 :\OT1/cmr/m/n/8 39 \OMS/cmsy/m/n/8 ^^B \OT1
/cmr/m/n/8 10[]$ \OT1/cmr10 /m/n/8 (s$[]$
 []

[10

] (./1.aux)

LaTeX Font Warning: Some font shapes were not available, defaults substituted.

 ) 
Here is how much of TeX's memory you used:
 4459 strings out of 494114
 64928 string characters out of 6155601
 170670 words of memory out of 5000000
 7752 multiletter control sequences out of 15000+600000
 31244 words of font info for 72 fonts, out of 8000000 for 9000
 430 hyphenation exceptions out of 8191
 42i,13n,39p,768b,362s stack positions out of 5000i,500n,10000p,200000b,80000s
{/opt/local/share/texmf-texlive/fonts/enc/dvips/base/8r.enc}</opt/local/share
/texmf-texlive/fonts/type1/public/amsfonts/cm/cmbx10.pfb></opt/local/share/texm
f-texlive/fonts/type1/public/amsfonts/cm/cmbx9.pfb></opt/local/share/texmf-texl
ive/fonts/type1/public/amsfonts/cmextra/cmex9.pfb></opt/local/share/texmf-texli
ve/fonts/type1/public/amsfonts/cm/cmmi5.pfb></opt/local/share/texmf-texlive/fon
ts/type1/public/amsfonts/cm/cmmi6.pfb></opt/local/share/texmf-texlive/fonts/typ
e1/public/amsfonts/cm/cmmi8.pfb></opt/local/share/texmf-texlive/fonts/type1/pub
lic/amsfonts/cm/cmmi9.pfb></opt/local/share/texmf-texlive/fonts/type1/public/am
sfonts/cm/cmr10.pfb></opt/local/share/texmf-texlive/fonts/type1/public/amsfonts
/cm/cmr5.pfb></opt/local/share/texmf-texlive/fonts/type1/public/amsfonts/cm/cmr
6.pfb></opt/local/share/texmf-texlive/fonts/type1/public/amsfonts/cm/cmr8.pfb><
/opt/local/share/texmf-texlive/fonts/type1/public/amsfonts/cm/cmr9.pfb></opt/lo
cal/share/texmf-texlive/fonts/type1/public/amsfonts/cm/cmsy5.pfb></opt/local/sh
are/texmf-texlive/fonts/type1/public/amsfonts/cm/cmsy6.pfb></opt/local/share/te
xmf-texlive/fonts/type1/public/amsfonts/cm/cmsy8.pfb></opt/local/share/texmf-te
xlive/fonts/type1/public/amsfonts/cm/cmsy9.pfb></opt/local/share/texmf-texlive/
fonts/type1/public/amsfonts/cm/cmti10.pfb></opt/local/share/texmf-texlive/fonts
/type1/urw/helvetic/uhvb8a.pfb></opt/local/share/texmf-texlive/fonts/type1/urw/
helvetic/uhvbo8a.pfb></opt/local/share/texmf-texlive/fonts/type1/urw/helvetic/u
hvr8a.pfb></opt/local/share/texmf-texlive/fonts/type1/urw/helvetic/uhvro8a.pfb>

Output written on 1.pdf (10 pages, 5332490 bytes).
PDF statistics:
 371 PDF objects out of 1000 (max. 8388607)
 254 compressed objects within 3 object streams
 0 named destinations out of 1000 (max. 500000)
 36 words of extra memory for PDF output out of 10000 (max. 10000000)

